2025-11-24 04:25:53,698 - INFO - 开始获取超高清直播源...
2025-11-24 04:25:53,698 - INFO - 正在获取直播源: https://tonkiang.us/list.m3u
2025-11-24 04:25:53,699 - INFO - 正在获取直播源: https://tonkiang.us/all.m3u
2025-11-24 04:25:53,699 - INFO - 正在获取直播源: https://tonkiang.us/hd.m3u
2025-11-24 04:25:53,700 - INFO - 正在获取直播源: https://tonkiang.us/?type=m3u
2025-11-24 04:25:53,700 - INFO - 正在获取直播源: https://tonkiang.us/?get=all
2025-11-24 04:25:53,700 - INFO - 正在获取直播源: http://tonkiang.us/list.m3u
2025-11-24 04:25:53,701 - INFO - 正在获取直播源: https://iptv-org.github.io/iptv/countries/cn.m3u
2025-11-24 04:25:53,701 - INFO - 正在获取直播源: https://raw.githubusercontent.com/MeooPlayer/China-M3U-List/main/China_UHD.m3u
2025-11-24 04:25:53,702 - INFO - 正在获取直播源: https://raw.githubusercontent.com/MeooPlayer/China-M3U-List/main/China_HD.m3u
2025-11-24 04:25:53,825 - ERROR - 获取直播源失败 https://tonkiang.us/list.m3u: HTTP Error 404: Not Found
2025-11-24 04:25:53,826 - ERROR - 获取直播源失败 https://tonkiang.us/hd.m3u: HTTP Error 404: Not Found
2025-11-24 04:25:53,830 - ERROR - 获取直播源失败 http://tonkiang.us/list.m3u: HTTP Error 404: Not Found
2025-11-24 04:25:53,840 - ERROR - 获取直播源失败 https://tonkiang.us/all.m3u: HTTP Error 404: Not Found
2025-11-24 04:25:53,843 - ERROR - 获取直播源失败 https://raw.githubusercontent.com/MeooPlayer/China-M3U-List/main/China_HD.m3u: HTTP Error 404: Not Found
2025-11-24 04:25:53,845 - ERROR - 获取直播源失败 https://raw.githubusercontent.com/MeooPlayer/China-M3U-List/main/China_UHD.m3u: HTTP Error 404: Not Found
2025-11-24 04:25:53,906 - INFO - 从 https://iptv-org.github.io/iptv/countries/cn.m3u 成功提取 172 个频道
2025-11-24 04:25:54,755 - INFO - 总共获取了 172 个唯一频道
2025-11-24 04:25:54,757 - INFO - 成功写入 CGQ.TXT，共 192 行数据
2025-11-24 04:25:54,757 - INFO - 直播源获取完成！耗时: 1.06 秒
2025-11-24 04:25:55,182 - INFO - 开始获取超高清直播源...
2025-11-24 04:25:55,183 - INFO - 正在获取直播源: https://tonkiang.us/list.m3u
2025-11-24 04:25:55,184 - INFO - 正在获取直播源: https://tonkiang.us/all.m3u
2025-11-24 04:25:55,184 - INFO - 正在获取直播源: https://tonkiang.us/hd.m3u
2025-11-24 04:25:55,184 - INFO - 正在获取直播源: https://tonkiang.us/?type=m3u
2025-11-24 04:25:55,185 - INFO - 正在获取直播源: https://tonkiang.us/?get=all
2025-11-24 04:25:55,188 - INFO - 正在获取直播源: http://tonkiang.us/list.m3u
2025-11-24 04:25:55,188 - INFO - 正在获取直播源: https://iptv-org.github.io/iptv/countries/cn.m3u
2025-11-24 04:25:55,189 - INFO - 正在获取直播源: https://raw.githubusercontent.com/MeooPlayer/China-M3U-List/main/China_UHD.m3u
2025-11-24 04:25:55,189 - INFO - 正在获取直播源: https://raw.githubusercontent.com/MeooPlayer/China-M3U-List/main/China_HD.m3u
2025-11-24 04:25:55,221 - ERROR - 获取直播源失败 https://raw.githubusercontent.com/MeooPlayer/China-M3U-List/main/China_UHD.m3u: HTTP Error 404: Not Found
2025-11-24 04:25:55,222 - ERROR - 获取直播源失败 https://raw.githubusercontent.com/MeooPlayer/China-M3U-List/main/China_HD.m3u: HTTP Error 404: Not Found
2025-11-24 04:25:55,224 - INFO - 从 https://iptv-org.github.io/iptv/countries/cn.m3u 成功提取 172 个频道
2025-11-24 04:25:55,232 - ERROR - 获取直播源失败 http://tonkiang.us/list.m3u: HTTP Error 404: Not Found
2025-11-24 04:25:55,256 - ERROR - 获取直播源失败 https://tonkiang.us/all.m3u: HTTP Error 404: Not Found
2025-11-24 04:25:55,257 - ERROR - 获取直播源失败 https://tonkiang.us/list.m3u: HTTP Error 404: Not Found
2025-11-24 04:25:55,263 - ERROR - 获取直播源失败 https://tonkiang.us/hd.m3u: HTTP Error 404: Not Found
2025-11-24 04:25:56,471 - INFO - 总共获取了 172 个唯一频道
2025-11-24 04:25:56,474 - INFO - 成功写入 CGQ.TXT，共 192 行数据
2025-11-24 04:25:56,474 - INFO - 直播源获取完成！耗时: 1.29 秒
