============================================================
📊 IPTV 源统计报告 - 2025-11-24 12:23:41
📺 对应文件: ipzyauto.txt
🔒 隐私保护: 所有源URL已进行模糊处理
============================================================

📈 总体统计:
   总频道数: 2856
   总源数量: 16195
   IPv4源: 15849
   IPv6源: 346
   源类型比例: IPv4 97.9% | IPv6 2.1%

📺 频道分类统计:
   4K频道: 8个频道, 94个源
   央视频道: 33个频道, 666个源
   卫视频道: 45个频道, 4290个源
   北京专属频道: 12个频道, 249个源
   山东专属频道: 10个频道, 196个源
   港澳频道: 4个频道, 71个源
   电影频道: 5个频道, 108个源
   儿童频道: 8个频道, 297个源
   iHOT频道: 14个频道, 188个源
   综合频道: 18个频道, 474个源
   体育频道: 5个频道, 51个源
   剧场频道: 3个频道, 11个源

🔍 源质量评估:
   默认源: https://***.eu.org/***/resu****.m3u
     频道数: 175 | IPv4: 49 | IPv6: 275 | 质量: ★★★★★
   默认源: https://***.eu.org/***/ipv6.m3u
     频道数: 68 | IPv4: 0 | IPv6: 68 | 质量: ★★★★★
   默认源: https://***.eu.org/***/ipv4.txt
     频道数: 106 | IPv4: 108 | IPv6: 0 | 质量: ★★★★★
   默认源: http://***.99.30/***/2025.txt
     频道数: 0 | IPv4: 0 | IPv6: 0 | 质量: ★
   用户添加: http://***.html-5.me/***/9390****.txt
     频道数: 1544 | IPv4: 13226 | IPv6: 0 | 质量: ★★★★★
   用户添加: https://***.eu.org/***/live.txt
     频道数: 73 | IPv4: 236 | IPv6: 0 | 质量: ★★★★★
   用户添加: https://ghfast.top/***/888.txt
     频道数: 1206 | IPv4: 2076 | IPv6: 0 | 质量: ★★★★★
   用户添加: https://ghfast.top/***/live.txt
     频道数: 0 | IPv4: 0 | IPv6: 0 | 质量: ★
   用户添加: https://ghfast.top/***/bbxx.txt
     频道数: 0 | IPv4: 0 | IPv6: 0 | 质量: ★
   用户添加: https://***.eu.org/***/iptv.m3u
     频道数: 151 | IPv4: 154 | IPv6: 3 | 质量: ★★★★★

🏆 最佳用户源推荐:
   http://***.html-5.me/***/9390****.txt
   该源贡献了 1544 个频道
   包含 13226 个IPv4源和 0 个IPv6源

📊 频道源数量排行榜 (前10):
    1. CCTV-1综合: 155个源
    2. 天津卫视: 147个源
    3. 湖南卫视: 140个源
    4. 广东卫视: 138个源
    5. 深圳卫视: 138个源
    6. 北京卫视: 132个源
    7. 山东卫视: 131个源
    8. 黑龙江卫视: 128个源
    9. 重庆卫视: 128个源
   10. 江苏卫视: 128个源

============================================================
💡 提示: 建议优先使用IPv4源，IPv6源作为备选
🔒 隐私说明: 源URL已模糊处理以保护数据安全
============================================================
