2025-11-24 11:22:09,088 - INFO - 开始收集和处理电视直播线路...
2025-11-24 11:22:09,102 - INFO - 开始处理数据源: https://ghcy.eu.org/https://raw.githubusercontent.com/MeooPlayer/China-M3U-List/main/China.m3u
2025-11-24 11:22:09,102 - INFO - 开始处理数据源: https://ghcy.eu.org/https://raw.githubusercontent.com/MeooPlayer/China-M3U-List/main/China_UHD.m3u
2025-11-24 11:22:09,103 - INFO - 开始处理数据源: https://ghcy.eu.org/https://raw.githubusercontent.com/MeooPlayer/China-M3U-List/main/China_HD.m3u
2025-11-24 11:22:09,103 - INFO - 开始处理数据源: http://106.53.99.30/2025.txt
2025-11-24 11:22:09,107 - INFO - 开始处理数据源: http://tv.html-5.me/i/9390107.txt
2025-11-24 11:22:09,111 - INFO - 开始处理数据源: https://ghcy.eu.org/https://raw.githubusercontent.com/Supprise0901/TVBox_live/refs/heads/main/live.txt
2025-11-24 11:22:09,112 - INFO - 开始处理数据源: https://ghfast.top/raw.githubusercontent.com/ffmking/tv1/main/888.txt
2025-11-24 11:22:09,114 - INFO - 开始处理数据源: https://ghfast.top/https://raw.githubusercontent.com/qingtingjjjjjjj/Web-Scraping/main/live.txt
2025-11-24 11:22:09,115 - INFO - 开始处理数据源: https://freetv.fun/test_channels_new.txt
2025-11-24 11:22:09,116 - INFO - 开始处理数据源: https://ghcy.eu.org/https://raw.githubusercontent.com/iptv-org/iptv/master/streams/cn.m3u
2025-11-24 11:22:10,218 - WARNING - 重试 (1/3) 获取 https://ghcy.eu.org/https://raw.githubusercontent.com/MeooPlayer/China-M3U-List/main/China_HD.m3u...
2025-11-24 11:22:10,220 - WARNING - 重试 (1/3) 获取 https://ghcy.eu.org/https://raw.githubusercontent.com/MeooPlayer/China-M3U-List/main/China_UHD.m3u...
2025-11-24 11:22:10,227 - WARNING - 重试 (1/3) 获取 https://ghcy.eu.org/https://raw.githubusercontent.com/MeooPlayer/China-M3U-List/main/China.m3u...
2025-11-24 11:22:10,238 - INFO - 成功获取 https://ghcy.eu.org/https://raw.githubusercontent.com/Supprise0901/TVBox_live/refs/heads/main/live.txt
2025-11-24 11:22:10,241 - INFO - 成功提取了 534 个频道
2025-11-24 11:22:10,260 - INFO - 从数据源 https://gcalic.v.myalicdn.com/gc/hlzycc_1/index.m3u8 成功处理了 7 个高清频道
2025-11-24 11:22:10,260 - INFO - 开始处理数据源: https://ghcy.eu.org/https://raw.githubusercontent.com/iptv-org/iptv/master/streams/hk.m3u
2025-11-24 11:22:10,290 - INFO - 成功获取 https://ghcy.eu.org/https://raw.githubusercontent.com/iptv-org/iptv/master/streams/cn.m3u
2025-11-24 11:22:10,292 - INFO - 成功提取了 610 个频道
2025-11-24 11:22:10,324 - INFO - 从数据源 http://118.81.195.79:9003/hls/31/index.m3u8 成功处理了 93 个高清频道
2025-11-24 11:22:10,325 - INFO - 开始处理数据源: https://ghcy.eu.org/https://raw.githubusercontent.com/iptv-org/iptv/master/streams/tw.m3u
2025-11-24 11:22:10,366 - INFO - 成功获取 https://ghcy.eu.org/https://raw.githubusercontent.com/iptv-org/iptv/master/streams/hk.m3u
2025-11-24 11:22:10,367 - INFO - 成功提取了 17 个频道
2025-11-24 11:22:10,368 - INFO - 从数据源 http://202.69.67.66:443/webcast/bshdlive-pc/playlist.m3u8 成功处理了 0 个高清频道
2025-11-24 11:22:10,368 - INFO - 开始处理数据源: https://ghcy.eu.org/https://raw.githubusercontent.com/LongLiveTheKing/web-data/master/data/ip.txt
2025-11-24 11:22:10,447 - INFO - 成功获取 https://ghcy.eu.org/https://raw.githubusercontent.com/iptv-org/iptv/master/streams/tw.m3u
2025-11-24 11:22:10,448 - INFO - 成功提取了 64 个频道
2025-11-24 11:22:10,450 - INFO - 从数据源 https://lylive-videorent.cdn.hinet.net/out/u/live/gop4/ly/ly-Live1/hls-cl-tv/index.m3u8 成功处理了 0 个高清频道
2025-11-24 11:22:10,450 - INFO - 开始处理数据源: https://ghcy.eu.org/https://raw.githubusercontent.com/HeJiawen01/IPTV/main/IPTV.m3u
2025-11-24 11:22:10,452 - WARNING - 重试 (1/3) 获取 https://ghcy.eu.org/https://raw.githubusercontent.com/LongLiveTheKing/web-data/master/data/ip.txt...
2025-11-24 11:22:10,675 - INFO - 成功获取 http://tv.html-5.me/i/9390107.txt
2025-11-24 11:22:10,688 - INFO - 成功提取了 13230 个频道
2025-11-24 11:22:10,704 - WARNING - 重试 (1/3) 获取 https://ghcy.eu.org/https://raw.githubusercontent.com/HeJiawen01/IPTV/main/IPTV.m3u...
2025-11-24 11:22:10,964 - INFO - 从数据源 http://117.12.150.38:4022/rtp/225.1.1.180:5002 成功处理了 243 个高清频道
2025-11-24 11:22:10,965 - INFO - 开始处理数据源: https://ghcy.eu.org/https://raw.githubusercontent.com/XIU2/CloudflareSpeedTest/master/ip.txt
2025-11-24 11:22:11,049 - INFO - 成功获取 https://ghcy.eu.org/https://raw.githubusercontent.com/XIU2/CloudflareSpeedTest/master/ip.txt
2025-11-24 11:22:11,050 - INFO - 成功提取了 0 个频道
2025-11-24 11:22:11,050 - WARNING - 从数据源 https://ghcy.eu.org/https://raw.githubusercontent.com/XIU2/CloudflareSpeedTest/master/ip.txt 未提取到任何频道
2025-11-24 11:22:11,050 - INFO - 开始处理数据源: https://ghcy.eu.org/https://raw.githubusercontent.com/chenjie/ip.txt/master/ip.txt
2025-11-24 11:22:11,138 - WARNING - 重试 (1/3) 获取 https://ghcy.eu.org/https://raw.githubusercontent.com/chenjie/ip.txt/master/ip.txt...
2025-11-24 11:22:11,440 - INFO - 成功获取 https://freetv.fun/test_channels_new.txt
2025-11-24 11:22:11,445 - INFO - 成功提取了 3976 个频道
2025-11-24 11:22:11,527 - INFO - 从数据源 https://stream1.freetv.fun/tvm-3-1.m3u8 成功处理了 37 个高清频道
2025-11-24 11:22:11,527 - INFO - 开始处理数据源: https://ghcy.eu.org/https://raw.githubusercontent.com/chnadsl/IPTV/main/IPTV.m3u
2025-11-24 11:22:11,530 - INFO - 成功获取 https://ghfast.top/raw.githubusercontent.com/ffmking/tv1/main/888.txt
2025-11-24 11:22:11,543 - INFO - 成功提取了 9678 个频道
2025-11-24 11:22:11,678 - WARNING - 重试 (1/3) 获取 https://ghcy.eu.org/https://raw.githubusercontent.com/chnadsl/IPTV/main/IPTV.m3u...
2025-11-24 11:22:11,793 - WARNING - 尝试标准化空频道名称
2025-11-24 11:22:11,829 - INFO - 从数据源 https://d2uumv81tp8szk.cloudfront.net/ZERO_CINEMA/ZERO_CINEMA_04.mp4 成功处理了 154 个高清频道
2025-11-24 11:22:11,834 - INFO - 成功获取 https://ghfast.top/https://raw.githubusercontent.com/qingtingjjjjjjj/Web-Scraping/main/live.txt
2025-11-24 11:22:11,860 - INFO - 成功提取了 25305 个频道
2025-11-24 11:22:12,376 - WARNING - 重试 (2/3) 获取 https://ghcy.eu.org/https://raw.githubusercontent.com/MeooPlayer/China-M3U-List/main/China.m3u...
2025-11-24 11:22:12,409 - WARNING - 重试 (2/3) 获取 https://ghcy.eu.org/https://raw.githubusercontent.com/MeooPlayer/China-M3U-List/main/China_HD.m3u...
2025-11-24 11:22:12,410 - WARNING - 重试 (2/3) 获取 https://ghcy.eu.org/https://raw.githubusercontent.com/MeooPlayer/China-M3U-List/main/China_UHD.m3u...
2025-11-24 11:22:12,573 - WARNING - 重试 (2/3) 获取 https://ghcy.eu.org/https://raw.githubusercontent.com/LongLiveTheKing/web-data/master/data/ip.txt...
2025-11-24 11:22:12,593 - INFO - 从数据源 http://ngcdn013.cnr.cn/live/wygb/index.m3u8 成功处理了 466 个高清频道
2025-11-24 11:22:12,760 - WARNING - 重试 (2/3) 获取 https://ghcy.eu.org/https://raw.githubusercontent.com/HeJiawen01/IPTV/main/IPTV.m3u...
2025-11-24 11:22:13,192 - WARNING - 重试 (2/3) 获取 https://ghcy.eu.org/https://raw.githubusercontent.com/chenjie/ip.txt/master/ip.txt...
2025-11-24 11:22:13,749 - WARNING - 重试 (2/3) 获取 https://ghcy.eu.org/https://raw.githubusercontent.com/chnadsl/IPTV/main/IPTV.m3u...
2025-11-24 11:22:14,481 - ERROR - 获取 https://ghcy.eu.org/https://raw.githubusercontent.com/MeooPlayer/China-M3U-List/main/China_UHD.m3u 失败: 404 Client Error: Not Found for url: https://ghcy.eu.org/https://raw.githubusercontent.com/MeooPlayer/China-M3U-List/main/China_UHD.m3u
2025-11-24 11:22:14,482 - WARNING - 数据源 https://ghcy.eu.org/https://raw.githubusercontent.com/MeooPlayer/China-M3U-List/main/China_UHD.m3u 没有返回内容或获取失败
2025-11-24 11:22:14,491 - ERROR - 获取 https://ghcy.eu.org/https://raw.githubusercontent.com/MeooPlayer/China-M3U-List/main/China_HD.m3u 失败: 404 Client Error: Not Found for url: https://ghcy.eu.org/https://raw.githubusercontent.com/MeooPlayer/China-M3U-List/main/China_HD.m3u
2025-11-24 11:22:14,491 - WARNING - 数据源 https://ghcy.eu.org/https://raw.githubusercontent.com/MeooPlayer/China-M3U-List/main/China_HD.m3u 没有返回内容或获取失败
2025-11-24 11:22:14,543 - ERROR - 获取 https://ghcy.eu.org/https://raw.githubusercontent.com/MeooPlayer/China-M3U-List/main/China.m3u 失败: 404 Client Error: Not Found for url: https://ghcy.eu.org/https://raw.githubusercontent.com/MeooPlayer/China-M3U-List/main/China.m3u
2025-11-24 11:22:14,544 - WARNING - 数据源 https://ghcy.eu.org/https://raw.githubusercontent.com/MeooPlayer/China-M3U-List/main/China.m3u 没有返回内容或获取失败
2025-11-24 11:22:14,629 - ERROR - 获取 https://ghcy.eu.org/https://raw.githubusercontent.com/LongLiveTheKing/web-data/master/data/ip.txt 失败: 404 Client Error: Not Found for url: https://ghcy.eu.org/https://raw.githubusercontent.com/LongLiveTheKing/web-data/master/data/ip.txt
2025-11-24 11:22:14,630 - WARNING - 数据源 https://ghcy.eu.org/https://raw.githubusercontent.com/LongLiveTheKing/web-data/master/data/ip.txt 没有返回内容或获取失败
2025-11-24 11:22:14,837 - ERROR - 获取 https://ghcy.eu.org/https://raw.githubusercontent.com/HeJiawen01/IPTV/main/IPTV.m3u 失败: 404 Client Error: Not Found for url: https://ghcy.eu.org/https://raw.githubusercontent.com/HeJiawen01/IPTV/main/IPTV.m3u
2025-11-24 11:22:14,837 - WARNING - 数据源 https://ghcy.eu.org/https://raw.githubusercontent.com/HeJiawen01/IPTV/main/IPTV.m3u 没有返回内容或获取失败
2025-11-24 11:22:15,324 - ERROR - 获取 https://ghcy.eu.org/https://raw.githubusercontent.com/chenjie/ip.txt/master/ip.txt 失败: 404 Client Error: Not Found for url: https://ghcy.eu.org/https://raw.githubusercontent.com/chenjie/ip.txt/master/ip.txt
2025-11-24 11:22:15,325 - WARNING - 数据源 https://ghcy.eu.org/https://raw.githubusercontent.com/chenjie/ip.txt/master/ip.txt 没有返回内容或获取失败
2025-11-24 11:22:15,808 - ERROR - 获取 https://ghcy.eu.org/https://raw.githubusercontent.com/chnadsl/IPTV/main/IPTV.m3u 失败: 404 Client Error: Not Found for url: https://ghcy.eu.org/https://raw.githubusercontent.com/chnadsl/IPTV/main/IPTV.m3u
2025-11-24 11:22:15,808 - WARNING - 数据源 https://ghcy.eu.org/https://raw.githubusercontent.com/chnadsl/IPTV/main/IPTV.m3u 没有返回内容或获取失败
2025-11-24 11:22:19,123 - WARNING - 重试 (1/3) 获取 http://106.53.99.30/2025.txt...
2025-11-24 11:22:31,137 - WARNING - 重试 (2/3) 获取 http://106.53.99.30/2025.txt...
2025-11-24 11:22:43,149 - ERROR - 获取 http://106.53.99.30/2025.txt 失败: HTTPConnectionPool(host='106.53.99.30', port=80): Max retries exceeded with url: /2025.txt (Caused by ConnectTimeoutError(<urllib3.connection.HTTPConnection object at 0x7f5fbd3849a0>, 'Connection to 106.53.99.30 timed out. (connect timeout=10)'))
2025-11-24 11:22:43,149 - WARNING - 数据源 http://106.53.99.30/2025.txt 没有返回内容或获取失败
2025-11-24 11:22:43,150 - INFO - 总共收集到 1000 条频道线路
2025-11-24 11:22:43,150 - INFO - 去重后共有 127 个频道
2025-11-24 11:22:43,153 - INFO - 按类别分组后共有 12 个类别
2025-11-24 11:22:43,154 - INFO - 已成功生成 tzydauto.txt，共包含 127 个频道，999 条线路
2025-11-24 11:22:43,154 - INFO - 处理完成！耗时: 34.07 秒
2025-11-24 11:22:43,694 - INFO - 开始收集和处理电视直播线路...
2025-11-24 11:22:43,695 - INFO - 开始处理数据源: https://ghcy.eu.org/https://raw.githubusercontent.com/MeooPlayer/China-M3U-List/main/China.m3u
2025-11-24 11:22:43,695 - INFO - 开始处理数据源: https://ghcy.eu.org/https://raw.githubusercontent.com/MeooPlayer/China-M3U-List/main/China_UHD.m3u
2025-11-24 11:22:43,697 - INFO - 开始处理数据源: https://ghcy.eu.org/https://raw.githubusercontent.com/MeooPlayer/China-M3U-List/main/China_HD.m3u
2025-11-24 11:22:43,698 - INFO - 开始处理数据源: http://106.53.99.30/2025.txt
2025-11-24 11:22:43,700 - INFO - 开始处理数据源: http://tv.html-5.me/i/9390107.txt
2025-11-24 11:22:43,701 - INFO - 开始处理数据源: https://ghcy.eu.org/https://raw.githubusercontent.com/Supprise0901/TVBox_live/refs/heads/main/live.txt
2025-11-24 11:22:43,702 - INFO - 开始处理数据源: https://ghfast.top/raw.githubusercontent.com/ffmking/tv1/main/888.txt
2025-11-24 11:22:43,704 - INFO - 开始处理数据源: https://ghfast.top/https://raw.githubusercontent.com/qingtingjjjjjjj/Web-Scraping/main/live.txt
2025-11-24 11:22:43,710 - INFO - 开始处理数据源: https://freetv.fun/test_channels_new.txt
2025-11-24 11:22:43,712 - INFO - 开始处理数据源: https://ghcy.eu.org/https://raw.githubusercontent.com/iptv-org/iptv/master/streams/cn.m3u
2025-11-24 11:22:43,792 - WARNING - 重试 (1/3) 获取 https://ghcy.eu.org/https://raw.githubusercontent.com/MeooPlayer/China-M3U-List/main/China.m3u...
2025-11-24 11:22:43,793 - WARNING - 重试 (1/3) 获取 https://ghcy.eu.org/https://raw.githubusercontent.com/MeooPlayer/China-M3U-List/main/China_HD.m3u...
2025-11-24 11:22:43,807 - WARNING - 重试 (1/3) 获取 https://ghcy.eu.org/https://raw.githubusercontent.com/MeooPlayer/China-M3U-List/main/China_UHD.m3u...
2025-11-24 11:22:43,815 - INFO - 成功获取 https://freetv.fun/test_channels_new.txt
2025-11-24 11:22:43,820 - INFO - 成功提取了 3976 个频道
2025-11-24 11:22:43,863 - INFO - 成功获取 https://ghcy.eu.org/https://raw.githubusercontent.com/Supprise0901/TVBox_live/refs/heads/main/live.txt
2025-11-24 11:22:43,870 - INFO - 成功提取了 534 个频道
2025-11-24 11:22:43,888 - INFO - 从数据源 https://gcalic.v.myalicdn.com/gc/hlzycc_1/index.m3u8 成功处理了 7 个高清频道
2025-11-24 11:22:43,888 - INFO - 开始处理数据源: https://ghcy.eu.org/https://raw.githubusercontent.com/iptv-org/iptv/master/streams/hk.m3u
2025-11-24 11:22:43,921 - INFO - 从数据源 https://stream1.freetv.fun/tvm-3-1.m3u8 成功处理了 37 个高清频道
2025-11-24 11:22:43,922 - INFO - 开始处理数据源: https://ghcy.eu.org/https://raw.githubusercontent.com/iptv-org/iptv/master/streams/tw.m3u
2025-11-24 11:22:43,923 - INFO - 成功获取 https://ghcy.eu.org/https://raw.githubusercontent.com/iptv-org/iptv/master/streams/cn.m3u
2025-11-24 11:22:43,926 - INFO - 成功提取了 610 个频道
2025-11-24 11:22:43,947 - INFO - 从数据源 http://118.81.195.79:9003/hls/31/index.m3u8 成功处理了 93 个高清频道
2025-11-24 11:22:43,948 - INFO - 开始处理数据源: https://ghcy.eu.org/https://raw.githubusercontent.com/LongLiveTheKing/web-data/master/data/ip.txt
2025-11-24 11:22:43,971 - INFO - 成功获取 https://ghcy.eu.org/https://raw.githubusercontent.com/iptv-org/iptv/master/streams/hk.m3u
2025-11-24 11:22:43,972 - INFO - 成功提取了 17 个频道
2025-11-24 11:22:43,974 - INFO - 从数据源 http://202.69.67.66:443/webcast/bshdlive-pc/playlist.m3u8 成功处理了 0 个高清频道
2025-11-24 11:22:43,974 - INFO - 开始处理数据源: https://ghcy.eu.org/https://raw.githubusercontent.com/HeJiawen01/IPTV/main/IPTV.m3u
2025-11-24 11:22:44,004 - INFO - 成功获取 https://ghcy.eu.org/https://raw.githubusercontent.com/iptv-org/iptv/master/streams/tw.m3u
2025-11-24 11:22:44,005 - INFO - 成功提取了 64 个频道
2025-11-24 11:22:44,007 - INFO - 从数据源 https://lylive-videorent.cdn.hinet.net/out/u/live/gop4/ly/ly-Live1/hls-cl-tv/index.m3u8 成功处理了 0 个高清频道
2025-11-24 11:22:44,007 - INFO - 开始处理数据源: https://ghcy.eu.org/https://raw.githubusercontent.com/XIU2/CloudflareSpeedTest/master/ip.txt
2025-11-24 11:22:44,013 - WARNING - 重试 (1/3) 获取 https://ghcy.eu.org/https://raw.githubusercontent.com/LongLiveTheKing/web-data/master/data/ip.txt...
2025-11-24 11:22:44,043 - WARNING - 重试 (1/3) 获取 https://ghcy.eu.org/https://raw.githubusercontent.com/HeJiawen01/IPTV/main/IPTV.m3u...
2025-11-24 11:22:44,057 - INFO - 成功获取 https://ghcy.eu.org/https://raw.githubusercontent.com/XIU2/CloudflareSpeedTest/master/ip.txt
2025-11-24 11:22:44,058 - INFO - 成功提取了 0 个频道
2025-11-24 11:22:44,058 - WARNING - 从数据源 https://ghcy.eu.org/https://raw.githubusercontent.com/XIU2/CloudflareSpeedTest/master/ip.txt 未提取到任何频道
2025-11-24 11:22:44,058 - INFO - 开始处理数据源: https://ghcy.eu.org/https://raw.githubusercontent.com/chenjie/ip.txt/master/ip.txt
2025-11-24 11:22:44,112 - WARNING - 重试 (1/3) 获取 https://ghcy.eu.org/https://raw.githubusercontent.com/chenjie/ip.txt/master/ip.txt...
2025-11-24 11:22:44,497 - INFO - 成功获取 https://ghfast.top/raw.githubusercontent.com/ffmking/tv1/main/888.txt
2025-11-24 11:22:44,509 - INFO - 成功提取了 9678 个频道
2025-11-24 11:22:44,759 - WARNING - 尝试标准化空频道名称
2025-11-24 11:22:44,796 - INFO - 从数据源 https://d2uumv81tp8szk.cloudfront.net/ZERO_CINEMA/ZERO_CINEMA_04.mp4 成功处理了 154 个高清频道
2025-11-24 11:22:44,797 - INFO - 开始处理数据源: https://ghcy.eu.org/https://raw.githubusercontent.com/chnadsl/IPTV/main/IPTV.m3u
2025-11-24 11:22:44,842 - WARNING - 重试 (1/3) 获取 https://ghcy.eu.org/https://raw.githubusercontent.com/chnadsl/IPTV/main/IPTV.m3u...
2025-11-24 11:22:44,888 - INFO - 成功获取 https://ghfast.top/https://raw.githubusercontent.com/qingtingjjjjjjj/Web-Scraping/main/live.txt
2025-11-24 11:22:44,915 - INFO - 成功提取了 25305 个频道
2025-11-24 11:22:45,617 - INFO - 从数据源 http://ngcdn013.cnr.cn/live/wygb/index.m3u8 成功处理了 466 个高清频道
2025-11-24 11:22:45,718 - INFO - 成功获取 http://tv.html-5.me/i/9390107.txt
2025-11-24 11:22:45,728 - INFO - 成功提取了 13230 个频道
2025-11-24 11:22:45,950 - WARNING - 重试 (2/3) 获取 https://ghcy.eu.org/https://raw.githubusercontent.com/MeooPlayer/China-M3U-List/main/China_UHD.m3u...
2025-11-24 11:22:45,957 - WARNING - 重试 (2/3) 获取 https://ghcy.eu.org/https://raw.githubusercontent.com/MeooPlayer/China-M3U-List/main/China_HD.m3u...
2025-11-24 11:22:45,964 - WARNING - 重试 (2/3) 获取 https://ghcy.eu.org/https://raw.githubusercontent.com/MeooPlayer/China-M3U-List/main/China.m3u...
2025-11-24 11:22:46,043 - INFO - 从数据源 http://117.12.150.38:4022/rtp/225.1.1.180:5002 成功处理了 243 个高清频道
2025-11-24 11:22:46,098 - WARNING - 重试 (2/3) 获取 https://ghcy.eu.org/https://raw.githubusercontent.com/LongLiveTheKing/web-data/master/data/ip.txt...
2025-11-24 11:22:46,106 - WARNING - 重试 (2/3) 获取 https://ghcy.eu.org/https://raw.githubusercontent.com/HeJiawen01/IPTV/main/IPTV.m3u...
2025-11-24 11:22:46,160 - WARNING - 重试 (2/3) 获取 https://ghcy.eu.org/https://raw.githubusercontent.com/chenjie/ip.txt/master/ip.txt...
2025-11-24 11:22:46,896 - WARNING - 重试 (2/3) 获取 https://ghcy.eu.org/https://raw.githubusercontent.com/chnadsl/IPTV/main/IPTV.m3u...
2025-11-24 11:22:48,004 - ERROR - 获取 https://ghcy.eu.org/https://raw.githubusercontent.com/MeooPlayer/China-M3U-List/main/China_UHD.m3u 失败: 404 Client Error: Not Found for url: https://ghcy.eu.org/https://raw.githubusercontent.com/MeooPlayer/China-M3U-List/main/China_UHD.m3u
2025-11-24 11:22:48,005 - WARNING - 数据源 https://ghcy.eu.org/https://raw.githubusercontent.com/MeooPlayer/China-M3U-List/main/China_UHD.m3u 没有返回内容或获取失败
2025-11-24 11:22:48,023 - ERROR - 获取 https://ghcy.eu.org/https://raw.githubusercontent.com/MeooPlayer/China-M3U-List/main/China.m3u 失败: 404 Client Error: Not Found for url: https://ghcy.eu.org/https://raw.githubusercontent.com/MeooPlayer/China-M3U-List/main/China.m3u
2025-11-24 11:22:48,024 - WARNING - 数据源 https://ghcy.eu.org/https://raw.githubusercontent.com/MeooPlayer/China-M3U-List/main/China.m3u 没有返回内容或获取失败
2025-11-24 11:22:48,087 - ERROR - 获取 https://ghcy.eu.org/https://raw.githubusercontent.com/MeooPlayer/China-M3U-List/main/China_HD.m3u 失败: 404 Client Error: Not Found for url: https://ghcy.eu.org/https://raw.githubusercontent.com/MeooPlayer/China-M3U-List/main/China_HD.m3u
2025-11-24 11:22:48,088 - WARNING - 数据源 https://ghcy.eu.org/https://raw.githubusercontent.com/MeooPlayer/China-M3U-List/main/China_HD.m3u 没有返回内容或获取失败
2025-11-24 11:22:48,165 - ERROR - 获取 https://ghcy.eu.org/https://raw.githubusercontent.com/HeJiawen01/IPTV/main/IPTV.m3u 失败: 404 Client Error: Not Found for url: https://ghcy.eu.org/https://raw.githubusercontent.com/HeJiawen01/IPTV/main/IPTV.m3u
2025-11-24 11:22:48,166 - WARNING - 数据源 https://ghcy.eu.org/https://raw.githubusercontent.com/HeJiawen01/IPTV/main/IPTV.m3u 没有返回内容或获取失败
2025-11-24 11:22:48,213 - ERROR - 获取 https://ghcy.eu.org/https://raw.githubusercontent.com/chenjie/ip.txt/master/ip.txt 失败: 404 Client Error: Not Found for url: https://ghcy.eu.org/https://raw.githubusercontent.com/chenjie/ip.txt/master/ip.txt
2025-11-24 11:22:48,214 - WARNING - 数据源 https://ghcy.eu.org/https://raw.githubusercontent.com/chenjie/ip.txt/master/ip.txt 没有返回内容或获取失败
2025-11-24 11:22:48,226 - ERROR - 获取 https://ghcy.eu.org/https://raw.githubusercontent.com/LongLiveTheKing/web-data/master/data/ip.txt 失败: 404 Client Error: Not Found for url: https://ghcy.eu.org/https://raw.githubusercontent.com/LongLiveTheKing/web-data/master/data/ip.txt
2025-11-24 11:22:48,227 - WARNING - 数据源 https://ghcy.eu.org/https://raw.githubusercontent.com/LongLiveTheKing/web-data/master/data/ip.txt 没有返回内容或获取失败
2025-11-24 11:22:48,946 - ERROR - 获取 https://ghcy.eu.org/https://raw.githubusercontent.com/chnadsl/IPTV/main/IPTV.m3u 失败: 404 Client Error: Not Found for url: https://ghcy.eu.org/https://raw.githubusercontent.com/chnadsl/IPTV/main/IPTV.m3u
2025-11-24 11:22:48,947 - WARNING - 数据源 https://ghcy.eu.org/https://raw.githubusercontent.com/chnadsl/IPTV/main/IPTV.m3u 没有返回内容或获取失败
2025-11-24 11:22:53,707 - WARNING - 重试 (1/3) 获取 http://106.53.99.30/2025.txt...
2025-11-24 11:23:05,715 - WARNING - 重试 (2/3) 获取 http://106.53.99.30/2025.txt...
2025-11-24 11:23:17,729 - ERROR - 获取 http://106.53.99.30/2025.txt 失败: HTTPConnectionPool(host='106.53.99.30', port=80): Max retries exceeded with url: /2025.txt (Caused by ConnectTimeoutError(<urllib3.connection.HTTPConnection object at 0x7f0590b42a30>, 'Connection to 106.53.99.30 timed out. (connect timeout=10)'))
2025-11-24 11:23:17,729 - WARNING - 数据源 http://106.53.99.30/2025.txt 没有返回内容或获取失败
2025-11-24 11:23:17,730 - INFO - 总共收集到 1000 条频道线路
2025-11-24 11:23:17,730 - INFO - 去重后共有 127 个频道
2025-11-24 11:23:17,734 - INFO - 按类别分组后共有 12 个类别
2025-11-24 11:23:17,734 - INFO - 已成功生成 tzydauto.txt，共包含 127 个频道，999 条线路
2025-11-24 11:23:17,735 - INFO - 处理完成！耗时: 34.04 秒
