2025-12-09 08:25:17,610 - ERROR - url: https://cnb.cool/junchao.tang/live/-/git/raw/main/全球通.py 失败❌, Error: 404 Client Error: Not Found for url: https://cnb.cool/junchao.tang/live/-/git/raw/main/%E5%85%A8%E7%90%83%E9%80%9A.py
2025-12-09 08:25:18,039 - ERROR - url: https://raw.githubusercontent.com/zxmlxw520/5566/refs/heads/main/cjdszb.txt 失败❌, Error: HTTPSConnectionPool(host='raw.githubusercontent.com', port=443): Max retries exceeded with url: /zxmlxw520/5566/refs/heads/main/cjdszb.txt (Caused by SSLError(SSLCertVerificationError(1, '[SSL: CERTIFICATE_VERIFY_FAILED] certificate verify failed: unable to get local issuer certificate (_ssl.c:1032)')))
2025-12-09 08:25:18,487 - ERROR - url: https://raw.githubusercontent.com/suxuang/myIPTV/main/ipv4.m3u 失败❌, Error: HTTPSConnectionPool(host='raw.githubusercontent.com', port=443): Max retries exceeded with url: /suxuang/myIPTV/main/ipv4.m3u (Caused by SSLError(SSLCertVerificationError(1, '[SSL: CERTIFICATE_VERIFY_FAILED] certificate verify failed: unable to get local issuer certificate (_ssl.c:1032)')))
2025-12-09 08:25:19,565 - ERROR - url: https://itv.aptv.app/china-iptv/zgyd.m3u 失败❌, Error: 404 Client Error: Not Found for url: https://itv.aptv.app/china-iptv/zgyd.m3u
2025-12-09 08:25:19,836 - ERROR - url: http://is.is-great.org/i/0885557.txt 失败❌, Error: ('Connection aborted.', ConnectionResetError(10054, '远程主机强迫关闭了一个现有的连接。', None, 10054, None))
2025-12-09 08:25:20,347 - INFO - url: https://115.190.105.236/vip/qwt.m3u 成功，判断为txt格式
2025-12-09 08:25:20,815 - INFO - url: https://115.190.105.236/vip/vip.m3u 成功，判断为txt格式
2025-12-09 08:25:22,799 - INFO - url: https://live.catvod.com/mq.php?catvod.com=m3u 成功，判断为txt格式
2025-12-09 08:25:23,436 - ERROR - url: http://is.is-great.org/i/9892017.txt 失败❌, Error: ('Connection aborted.', ConnectionResetError(10054, '远程主机强迫关闭了一个现有的连接。', None, 10054, None))
2025-12-09 08:25:23,810 - ERROR - url: https://raw.githubusercontent.com/alantang1977/iptv-auto/refs/heads/main/my.txt 失败❌, Error: HTTPSConnectionPool(host='raw.githubusercontent.com', port=443): Max retries exceeded with url: /alantang1977/iptv-auto/refs/heads/main/my.txt (Caused by SSLError(SSLCertVerificationError(1, '[SSL: CERTIFICATE_VERIFY_FAILED] certificate verify failed: unable to get local issuer certificate (_ssl.c:1032)')))
2025-12-09 08:26:05,885 - ERROR - url: http://gg.7749.org//i/ds.txt 失败❌, Error: HTTPConnectionPool(host='gg.7749.org', port=80): Max retries exceeded with url: /i/ds.txt (Caused by ConnectTimeoutError(<urllib3.connection.HTTPConnection object at 0x0000021D2C5E3110>, 'Connection to gg.7749.org timed out. (connect timeout=None)'))
2025-12-09 08:26:06,526 - ERROR - url: https://is.is-great.org/i/9892017.txt 失败❌, Error: ('Connection aborted.', ConnectionResetError(10054, '远程主机强迫关闭了一个现有的连接。', None, 10054, None))
2025-12-09 08:26:07,084 - INFO - url: http://vhr.dpdns.org:8080/4gtv.php 成功，判断为txt格式
2025-12-09 08:26:07,583 - INFO - url: http://go8.myartsonline.com/zx/0/TVBTV28.txt 成功，判断为txt格式
2025-12-09 08:26:07,584 - INFO - url: http://go8.myartsonline.com/zx/0/TVBTV28.txt 成功，包含频道分类: HKTV, 极速香港, 极速台湾
2025-12-09 08:26:07,935 - ERROR - url: http://kkk.888.3116598.xyz/user/HKTV.txt 失败❌, Error: 404 Client Error: Not Found for url: http://kkk.888.3116598.xyz/user/HKTV.txt
2025-12-09 08:26:50,014 - ERROR - url: http://gg.7749.org/z/i/gdss.txt 失败❌, Error: HTTPConnectionPool(host='gg.7749.org', port=80): Max retries exceeded with url: /z/i/gdss.txt (Caused by ConnectTimeoutError(<urllib3.connection.HTTPConnection object at 0x0000021D2C8F6250>, 'Connection to gg.7749.org timed out. (connect timeout=None)'))
2025-12-09 08:26:50,027 - ERROR - url: https://live.kakaxi-1.ink/ipv4.txt 失败❌, Error: HTTPSConnectionPool(host='live.kakaxi-1.ink', port=443): Max retries exceeded with url: /ipv4.txt (Caused by NameResolutionError("<urllib3.connection.HTTPSConnection object at 0x0000021D2C9942D0>: Failed to resolve 'live.kakaxi-1.ink' ([Errno 11001] getaddrinfo failed)"))
2025-12-09 08:26:50,039 - ERROR - url: https://live.kakaxi-1.ink/ipv4.1.txt 失败❌, Error: HTTPSConnectionPool(host='live.kakaxi-1.ink', port=443): Max retries exceeded with url: /ipv4.1.txt (Caused by NameResolutionError("<urllib3.connection.HTTPSConnection object at 0x0000021D2C994A50>: Failed to resolve 'live.kakaxi-1.ink' ([Errno 11001] getaddrinfo failed)"))
2025-12-09 08:26:50,409 - ERROR - url: https://raw.githubusercontent.com/iodata999/frxz751113-IPTVzb1/refs/heads/main/结果.m3u 失败❌, Error: HTTPSConnectionPool(host='raw.githubusercontent.com', port=443): Max retries exceeded with url: /iodata999/frxz751113-IPTVzb1/refs/heads/main/%E7%BB%93%E6%9E%9C.m3u (Caused by SSLError(SSLCertVerificationError(1, '[SSL: CERTIFICATE_VERIFY_FAILED] certificate verify failed: unable to get local issuer certificate (_ssl.c:1032)')))
2025-12-09 08:26:50,777 - ERROR - url: https://raw.githubusercontent.com/alantang1977/jtv/refs/heads/main/网络收集.txt 失败❌, Error: HTTPSConnectionPool(host='raw.githubusercontent.com', port=443): Max retries exceeded with url: /alantang1977/jtv/refs/heads/main/%E7%BD%91%E7%BB%9C%E6%94%B6%E9%9B%86.txt (Caused by SSLError(SSLCertVerificationError(1, '[SSL: CERTIFICATE_VERIFY_FAILED] certificate verify failed: unable to get local issuer certificate (_ssl.c:1032)')))
2025-12-09 08:26:51,761 - ERROR - url: https://bc.188766.xyz/?url=http://tv123.top:35455&mishitong=true&mima=bingchawusifengxian 失败❌, Error: 403 Client Error: Forbidden for url: https://bc.188766.xyz/?url=http://tv123.top:35455&mishitong=true&mima=bingchawusifengxian
2025-12-09 08:26:52,160 - ERROR - url: https://raw.githubusercontent.com/zxmlxw520/5566/refs/heads/main/cjdszb.txt 失败❌, Error: HTTPSConnectionPool(host='raw.githubusercontent.com', port=443): Max retries exceeded with url: /zxmlxw520/5566/refs/heads/main/cjdszb.txt (Caused by SSLError(SSLCertVerificationError(1, '[SSL: CERTIFICATE_VERIFY_FAILED] certificate verify failed: unable to get local issuer certificate (_ssl.c:1032)')))
2025-12-09 08:26:52,544 - ERROR - url: https://raw.githubusercontent.com/zxmlxw520/5566/refs/heads/main/gqds+.txt 失败❌, Error: HTTPSConnectionPool(host='raw.githubusercontent.com', port=443): Max retries exceeded with url: /zxmlxw520/5566/refs/heads/main/gqds+.txt (Caused by SSLError(SSLCertVerificationError(1, '[SSL: CERTIFICATE_VERIFY_FAILED] certificate verify failed: unable to get local issuer certificate (_ssl.c:1032)')))
2025-12-09 08:26:52,928 - ERROR - url: https://raw.githubusercontent.com/develop202/migu_video/main/interface.txt 失败❌, Error: HTTPSConnectionPool(host='raw.githubusercontent.com', port=443): Max retries exceeded with url: /develop202/migu_video/main/interface.txt (Caused by SSLError(SSLCertVerificationError(1, '[SSL: CERTIFICATE_VERIFY_FAILED] certificate verify failed: unable to get local issuer certificate (_ssl.c:1032)')))
2025-12-09 08:26:54,151 - INFO - url: https://www.iyouhun.com/tv/myIPTV/ipv6.m3u 成功，判断为txt格式
2025-12-09 08:26:55,350 - INFO - url: https://www.iyouhun.com/tv/myIPTV/ipv4.m3u 成功，判断为txt格式
2025-12-09 08:26:55,427 - ERROR - url: http://live.nctv.top/x.txt 失败❌, Error: 404 Client Error: Not Found for url: http://live.nctv.top/x.txt
2025-12-09 08:27:37,512 - ERROR - url: https://live.izbds.com/tv/iptv4.txt 失败❌, Error: HTTPSConnectionPool(host='live.izbds.com', port=443): Max retries exceeded with url: /tv/iptv4.txt (Caused by ConnectTimeoutError(<urllib3.connection.HTTPSConnection object at 0x0000021D2C995810>, 'Connection to live.izbds.com timed out. (connect timeout=None)'))
2025-12-09 08:27:37,675 - ERROR - url: http://47.120.41.246:8899/zb.txt 失败❌, Error: 404 Client Error: Not Found for url: http://47.120.41.246:8899/zb.txt
2025-12-09 08:27:38,576 - INFO - url: http://rihou.cc:555/gggg.nzk 成功，判断为txt格式
2025-12-09 08:27:38,592 - INFO - url: http://rihou.cc:555/gggg.nzk 成功，包含频道分类: 猫TV影视, 意甲赛评, 英超粤评, 西甲赛评, NBA赛评, 赛事咪咕, 央卫咪咕, 欣赏频道, 新剧追更, 特区频玛, 特闽FYtv, 特区PLtv, 闽南4Gtv, 闽南回放, 特闽频晴, 四川蜀果, 央卫频沪, 央卫斯特, 特区斯特, 闽南斯特, 央卫频特, 特区频特, 闽南频特, 抖音网页, 荔枝网页, 虎牙频道, 爱奇频道, 特区地波, 广州电信, 童年频道, 欣赏音乐, 追剧全集, 亮剑全集, 雪豹全集, 凡人修仙, 华山论剑, Q-三国粤, 大时代粤, 流星花园, 还珠格格, 甄嬛传国, 大地恩情, 粤经典剧, 射雕英雄, 神雕侠侣, 视觉效果, 体育斯特, 电影斯特, 纪录斯特, 新闻斯特, 儿童斯特, 新加斯特, 马来斯特, 印尼斯特, 印度斯特, 泰国斯特, 英国斯特, 越南斯特, 韩国斯特, 日本斯特, 体育频特, 电影频特, 纪录频特, 新闻频特, 儿童频特, 新加频特, 马来频特, 印尼频特, 印度频特, 泰国频特, 英国频特, 越南频特, 韩国频特, 日本频特
2025-12-09 08:27:38,706 - INFO - url: http://1.94.31.214/live/livelite.txt 成功，判断为txt格式
2025-12-09 08:27:38,718 - INFO - url: http://1.94.31.214/live/livelite.txt 成功，包含频道分类: 央卫秒开, NewTV, 🏀SPORTS⚽️, 咪咕体育|移动, 咪咕体育v6, 虎牙轮播, 斗鱼轮播, YY轮播, 游戏直播, 佛光普照, 上海, 浙江, 江苏, 北京, 湖南, 广东, 河南, 山西, 山东, 安徽, 福建, 湖北, 云南, 江西, 四川, 天津, 河北, 黑龙江, 吉林, 辽宁, 海南, 重庆, 陕西, 甘肃, 广西, 贵州, 内蒙古, 宁夏, 青海, 新疆, 西藏
2025-12-09 08:27:38,793 - ERROR - url: http://api.mytv666.top/lives/free.php?type=txt 失败❌, Error: ('Connection aborted.', ConnectionResetError(10054, '远程主机强迫关闭了一个现有的连接。', None, 10054, None))
2025-12-09 08:27:38,922 - ERROR - url: http://zhibo.feylen.top/fltv/js/ku9live.php?tpye=fl.txt 失败❌, Error: ('Connection aborted.', ConnectionResetError(10054, '远程主机强迫关闭了一个现有的连接。', None, 10054, None))
2025-12-09 08:27:59,976 - ERROR - url: http://92.112.21.169:30000/mytv.m3u 失败❌, Error: HTTPConnectionPool(host='92.112.21.169', port=30000): Max retries exceeded with url: /mytv.m3u (Caused by ConnectTimeoutError(<urllib3.connection.HTTPConnection object at 0x0000021D2C8F6360>, 'Connection to 92.112.21.169 timed out. (connect timeout=None)'))
2025-12-09 08:28:00,423 - ERROR - url: http://lisha521.dynv6.net.fh4u.org/tv.txt 失败❌, Error: ('Connection aborted.', RemoteDisconnected('Remote end closed connection without response'))
2025-12-09 08:28:01,010 - INFO - url: https://web.banye.tech:7777/tv/hlj.txt 成功，判断为txt格式
2025-12-09 08:28:01,011 - INFO - url: https://web.banye.tech:7777/tv/hlj.txt 成功，包含频道分类: 央视, 卫视, NewTV, 黑龙江
2025-12-09 08:28:01,997 - INFO - url: https://iptv.catvod.com/tv.m3u 成功，判断为m3u格式
2025-12-09 08:28:01,998 - INFO - url: https://iptv.catvod.com/tv.m3u 成功，包含频道分类: 温馨提示, 咪咕央视, 咪咕卫视, 咪咕影视, 央视频道, 卫视频道, 影视频道
2025-12-09 08:28:02,955 - INFO - url: https://live.zbds.top/tv/iptv4.txt 成功，判断为txt格式
2025-12-09 08:28:02,960 - INFO - url: https://live.zbds.top/tv/iptv4.txt 成功，包含频道分类: 央视频道, 卫视频道, 电影频道, 数字频道, 儿童频道, 地方频道, 纪录频道, 体育频道, 解说频道, 音乐频道, 春晚频道, 直播中国, 更新时间
2025-12-09 08:28:03,505 - INFO - url: https://gitee.com/xxy002/zhiboyuan/raw/master/dsy 成功，判断为txt格式
2025-12-09 08:28:03,506 - INFO - url: https://gitee.com/xxy002/zhiboyuan/raw/master/dsy 成功，包含频道分类: 央视频道, 卫视频道, 港澳台
