2025-12-05 21:02:48,679 - __main__ - INFO - tvzy.py:474 - main - 开始获取电视频道信息...
2025-12-05 21:02:50,904 - core.network - INFO - logging_config.py:136 - log_performance - 性能统计 - 网络请求 耗时: 2.1926秒 url=https://gitee.com/xiao-ping2/iptv-api/raw/master/output/xp_result.txt, attempt=1, status_code=200
2025-12-05 21:02:51,061 - __main__ - INFO - tvzy.py:202 - get_channels_from_source - 从数据源 https://gitee.com/xiao-ping2/iptv-api/raw/master/output/xp_result.txt 获取到内容，长度: 49923 字符
2025-12-05 21:02:51,291 - __main__ - INFO - tvzy.py:205 - get_channels_from_source - 数据源 https://gitee.com/xiao-ping2/iptv-api/raw/master/output/xp_result.txt 共有 728 行内容
2025-12-05 21:02:51,361 - __main__ - INFO - tvzy.py:277 - get_channels_from_source - 从数据源 https://gitee.com/xiao-ping2/iptv-api/raw/master/output/xp_result.txt 成功提取 713 个频道
2025-12-05 21:02:51,469 - __main__ - INFO - tvzy.py:489 - main - 从数据源 https://gitee.com/xiao-ping2/iptv-api/raw/master/output/xp_result.txt 获取到 713 个频道
2025-12-05 21:02:52,245 - core.network - ERROR - network.py:115 - fetch_content - HTTP错误 0 https://ghfast.top/https://raw.githubusercontent.com/HeJiawen01/IPTV/main/IPTV.m3u (尝试 1/3): 404 Client Error: NOT FOUND for url: https://ghfast.top/https://raw.githubusercontent.com/HeJiawen01/IPTV/main/IPTV.m3u
2025-12-05 21:02:52,492 - core.network - INFO - logging_config.py:136 - log_performance - 性能统计 - 网络请求 耗时: 3.7816秒 url=https://cdn.jsdelivr.net/gh/Guovin/iptv-api@gd/output/result.txt, attempt=1, status_code=200
2025-12-05 21:02:52,510 - __main__ - INFO - tvzy.py:202 - get_channels_from_source - 从数据源 https://cdn.jsdelivr.net/gh/Guovin/iptv-api@gd/output/result.txt 获取到内容，长度: 276256 字符
2025-12-05 21:02:52,546 - __main__ - INFO - tvzy.py:205 - get_channels_from_source - 数据源 https://cdn.jsdelivr.net/gh/Guovin/iptv-api@gd/output/result.txt 共有 3137 行内容
2025-12-05 21:02:52,568 - __main__ - INFO - tvzy.py:277 - get_channels_from_source - 从数据源 https://cdn.jsdelivr.net/gh/Guovin/iptv-api@gd/output/result.txt 成功提取 3056 个频道
2025-12-05 21:02:52,612 - core.network - ERROR - network.py:115 - fetch_content - HTTP错误 0 https://ghfast.top/https://raw.githubusercontent.com/chnadsl/IPTV/main/IPTV.m3u (尝试 1/3): 404 Client Error: NOT FOUND for url: https://ghfast.top/https://raw.githubusercontent.com/chnadsl/IPTV/main/IPTV.m3u
2025-12-05 21:02:52,614 - __main__ - INFO - tvzy.py:489 - main - 从数据源 https://cdn.jsdelivr.net/gh/Guovin/iptv-api@gd/output/result.txt 获取到 3056 个频道
2025-12-05 21:02:52,700 - core.network - INFO - logging_config.py:136 - log_performance - 性能统计 - 网络请求 耗时: 3.9780秒 url=https://ghfast.top/https://raw.githubusercontent.com/XIU2/CloudflareSpeedTest/master/ip.txt, attempt=1, status_code=200
2025-12-05 21:02:52,704 - __main__ - INFO - tvzy.py:202 - get_channels_from_source - 从数据源 https://ghfast.top/https://raw.githubusercontent.com/XIU2/CloudflareSpeedTest/master/ip.txt 获取到内容，长度: 410 字符
2025-12-05 21:02:52,706 - __main__ - INFO - tvzy.py:205 - get_channels_from_source - 数据源 https://ghfast.top/https://raw.githubusercontent.com/XIU2/CloudflareSpeedTest/master/ip.txt 共有 25 行内容
2025-12-05 21:02:52,707 - __main__ - INFO - tvzy.py:277 - get_channels_from_source - 从数据源 https://ghfast.top/https://raw.githubusercontent.com/XIU2/CloudflareSpeedTest/master/ip.txt 成功提取 0 个频道
2025-12-05 21:02:52,708 - __main__ - INFO - tvzy.py:489 - main - 从数据源 https://ghfast.top/https://raw.githubusercontent.com/XIU2/CloudflareSpeedTest/master/ip.txt 获取到 0 个频道
2025-12-05 21:02:52,885 - core.network - INFO - logging_config.py:136 - log_performance - 性能统计 - 网络请求 耗时: 4.1934秒 url=https://freetv.fun/test_channels_new.txt, attempt=1, status_code=200
2025-12-05 21:02:52,901 - __main__ - INFO - tvzy.py:202 - get_channels_from_source - 从数据源 https://freetv.fun/test_channels_new.txt 获取到内容，长度: 284243 字符
2025-12-05 21:02:52,903 - __main__ - INFO - tvzy.py:205 - get_channels_from_source - 数据源 https://freetv.fun/test_channels_new.txt 共有 5003 行内容
2025-12-05 21:02:52,918 - core.network - ERROR - network.py:115 - fetch_content - HTTP错误 0 https://ghfast.top/https://raw.githubusercontent.com/LongLiveTheKing/web-data/master/data/ip.txt (尝试 1/3): 404 Client Error: NOT FOUND for url: https://ghfast.top/https://raw.githubusercontent.com/LongLiveTheKing/web-data/master/data/ip.txt
2025-12-05 21:02:52,923 - core.network - ERROR - network.py:115 - fetch_content - HTTP错误 0 https://ghfast.top/https://raw.githubusercontent.com/chenjie/ip.txt/master/ip.txt (尝试 1/3): 404 Client Error: NOT FOUND for url: https://ghfast.top/https://raw.githubusercontent.com/chenjie/ip.txt/master/ip.txt
2025-12-05 21:02:52,971 - __main__ - INFO - tvzy.py:277 - get_channels_from_source - 从数据源 https://freetv.fun/test_channels_new.txt 成功提取 4889 个频道
2025-12-05 21:02:53,111 - core.network - INFO - logging_config.py:136 - log_performance - 性能统计 - 网络请求 耗时: 4.3975秒 url=https://ghfast.top/https://raw.githubusercontent.com/iptv-org/iptv/master/streams/hk.m3u, attempt=1, status_code=200
2025-12-05 21:02:53,141 - __main__ - INFO - tvzy.py:489 - main - 从数据源 https://freetv.fun/test_channels_new.txt 获取到 4889 个频道
2025-12-05 21:02:53,212 - __main__ - INFO - tvzy.py:202 - get_channels_from_source - 从数据源 https://ghfast.top/https://raw.githubusercontent.com/iptv-org/iptv/master/streams/hk.m3u 获取到内容，长度: 2287 字符
2025-12-05 21:02:53,224 - __main__ - INFO - tvzy.py:205 - get_channels_from_source - 数据源 https://ghfast.top/https://raw.githubusercontent.com/iptv-org/iptv/master/streams/hk.m3u 共有 36 行内容
2025-12-05 21:02:53,228 - __main__ - INFO - tvzy.py:277 - get_channels_from_source - 从数据源 https://ghfast.top/https://raw.githubusercontent.com/iptv-org/iptv/master/streams/hk.m3u 成功提取 17 个频道
2025-12-05 21:02:53,229 - __main__ - INFO - tvzy.py:489 - main - 从数据源 https://ghfast.top/https://raw.githubusercontent.com/iptv-org/iptv/master/streams/hk.m3u 获取到 17 个频道
2025-12-05 21:02:54,126 - core.network - INFO - logging_config.py:136 - log_performance - 性能统计 - 网络请求 耗时: 5.4428秒 url=https://ghfast.top/raw.githubusercontent.com/ffmking/tv1/main/888.txt, attempt=1, status_code=200
2025-12-05 21:02:54,131 - __main__ - INFO - tvzy.py:202 - get_channels_from_source - 从数据源 https://ghfast.top/raw.githubusercontent.com/ffmking/tv1/main/888.txt 获取到内容，长度: 898854 字符
2025-12-05 21:02:54,137 - __main__ - INFO - tvzy.py:205 - get_channels_from_source - 数据源 https://ghfast.top/raw.githubusercontent.com/ffmking/tv1/main/888.txt 共有 12769 行内容
2025-12-05 21:02:54,161 - core.network - INFO - logging_config.py:136 - log_performance - 性能统计 - 网络请求 耗时: 5.4437秒 url=https://ghfast.top/https://raw.githubusercontent.com/iptv-org/iptv/master/streams/tw.m3u, attempt=1, status_code=200
2025-12-05 21:02:54,177 - __main__ - INFO - tvzy.py:202 - get_channels_from_source - 从数据源 https://ghfast.top/https://raw.githubusercontent.com/iptv-org/iptv/master/streams/tw.m3u 获取到内容，长度: 7530 字符
2025-12-05 21:02:54,184 - __main__ - INFO - tvzy.py:205 - get_channels_from_source - 数据源 https://ghfast.top/https://raw.githubusercontent.com/iptv-org/iptv/master/streams/tw.m3u 共有 132 行内容
2025-12-05 21:02:54,183 - __main__ - INFO - tvzy.py:277 - get_channels_from_source - 从数据源 https://ghfast.top/raw.githubusercontent.com/ffmking/tv1/main/888.txt 成功提取 9816 个频道
2025-12-05 21:02:54,186 - __main__ - INFO - tvzy.py:277 - get_channels_from_source - 从数据源 https://ghfast.top/https://raw.githubusercontent.com/iptv-org/iptv/master/streams/tw.m3u 成功提取 65 个频道
2025-12-05 21:02:54,187 - __main__ - INFO - tvzy.py:489 - main - 从数据源 https://ghfast.top/raw.githubusercontent.com/ffmking/tv1/main/888.txt 获取到 9816 个频道
2025-12-05 21:02:54,189 - __main__ - INFO - tvzy.py:489 - main - 从数据源 https://ghfast.top/https://raw.githubusercontent.com/iptv-org/iptv/master/streams/tw.m3u 获取到 65 个频道
2025-12-05 21:02:54,806 - core.network - ERROR - network.py:115 - fetch_content - HTTP错误 0 https://ghfast.top/https://raw.githubusercontent.com/chenjie/ip.txt/master/ip.txt (尝试 2/3): 404 Client Error: NOT FOUND for url: https://ghfast.top/https://raw.githubusercontent.com/chenjie/ip.txt/master/ip.txt
2025-12-05 21:02:54,815 - core.network - INFO - logging_config.py:136 - log_performance - 性能统计 - 网络请求 耗时: 6.1029秒 url=https://ghfast.top/https://raw.githubusercontent.com/iptv-org/iptv/master/streams/cn.m3u, attempt=1, status_code=200
2025-12-05 21:02:54,818 - __main__ - INFO - tvzy.py:202 - get_channels_from_source - 从数据源 https://ghfast.top/https://raw.githubusercontent.com/iptv-org/iptv/master/streams/cn.m3u 获取到内容，长度: 66692 字符
2025-12-05 21:02:54,830 - __main__ - INFO - tvzy.py:205 - get_channels_from_source - 数据源 https://ghfast.top/https://raw.githubusercontent.com/iptv-org/iptv/master/streams/cn.m3u 共有 1218 行内容
2025-12-05 21:02:54,846 - __main__ - INFO - tvzy.py:277 - get_channels_from_source - 从数据源 https://ghfast.top/https://raw.githubusercontent.com/iptv-org/iptv/master/streams/cn.m3u 成功提取 608 个频道
2025-12-05 21:02:54,846 - __main__ - INFO - tvzy.py:489 - main - 从数据源 https://ghfast.top/https://raw.githubusercontent.com/iptv-org/iptv/master/streams/cn.m3u 获取到 608 个频道
2025-12-05 21:02:55,304 - core.network - ERROR - network.py:115 - fetch_content - HTTP错误 0 https://ghfast.top/https://raw.githubusercontent.com/HeJiawen01/IPTV/main/IPTV.m3u (尝试 2/3): 404 Client Error: NOT FOUND for url: https://ghfast.top/https://raw.githubusercontent.com/HeJiawen01/IPTV/main/IPTV.m3u
2025-12-05 21:02:55,353 - core.network - ERROR - network.py:115 - fetch_content - HTTP错误 0 https://ghfast.top/https://raw.githubusercontent.com/LongLiveTheKing/web-data/master/data/ip.txt (尝试 2/3): 404 Client Error: NOT FOUND for url: https://ghfast.top/https://raw.githubusercontent.com/LongLiveTheKing/web-data/master/data/ip.txt
2025-12-05 21:02:55,619 - core.network - ERROR - network.py:115 - fetch_content - HTTP错误 0 https://ghfast.top/https://raw.githubusercontent.com/chnadsl/IPTV/main/IPTV.m3u (尝试 2/3): 404 Client Error: NOT FOUND for url: https://ghfast.top/https://raw.githubusercontent.com/chnadsl/IPTV/main/IPTV.m3u
2025-12-05 21:02:55,869 - core.network - INFO - logging_config.py:136 - log_performance - 性能统计 - 网络请求 耗时: 7.1727秒 url=https://ghfast.top/https://github.com/kimwang1978/collect-txt/blob/main/bbxx.txt, attempt=1, status_code=200
2025-12-05 21:02:55,880 - __main__ - INFO - tvzy.py:202 - get_channels_from_source - 从数据源 https://ghfast.top/https://github.com/kimwang1978/collect-txt/blob/main/bbxx.txt 获取到内容，长度: 1489520 字符
2025-12-05 21:02:55,887 - __main__ - INFO - tvzy.py:205 - get_channels_from_source - 数据源 https://ghfast.top/https://github.com/kimwang1978/collect-txt/blob/main/bbxx.txt 共有 20345 行内容
2025-12-05 21:02:55,992 - __main__ - INFO - tvzy.py:277 - get_channels_from_source - 从数据源 https://ghfast.top/https://github.com/kimwang1978/collect-txt/blob/main/bbxx.txt 成功提取 19822 个频道
2025-12-05 21:02:56,013 - __main__ - INFO - tvzy.py:489 - main - 从数据源 https://ghfast.top/https://github.com/kimwang1978/collect-txt/blob/main/bbxx.txt 获取到 19822 个频道
2025-12-05 21:02:56,134 - core.network - INFO - logging_config.py:136 - log_performance - 性能统计 - 网络请求 耗时: 7.4492秒 url=https://ghfast.top/https://raw.githubusercontent.com/qingtingjjjjjjj/Web-Scraping/main/live.txt, attempt=1, status_code=200
2025-12-05 21:02:56,141 - __main__ - INFO - tvzy.py:202 - get_channels_from_source - 从数据源 https://ghfast.top/https://raw.githubusercontent.com/qingtingjjjjjjj/Web-Scraping/main/live.txt 获取到内容，长度: 2106097 字符
2025-12-05 21:02:56,146 - __main__ - INFO - tvzy.py:205 - get_channels_from_source - 数据源 https://ghfast.top/https://raw.githubusercontent.com/qingtingjjjjjjj/Web-Scraping/main/live.txt 共有 26498 行内容
2025-12-05 21:02:56,255 - __main__ - INFO - tvzy.py:277 - get_channels_from_source - 从数据源 https://ghfast.top/https://raw.githubusercontent.com/qingtingjjjjjjj/Web-Scraping/main/live.txt 成功提取 26319 个频道
2025-12-05 21:02:56,257 - __main__ - INFO - tvzy.py:489 - main - 从数据源 https://ghfast.top/https://raw.githubusercontent.com/qingtingjjjjjjj/Web-Scraping/main/live.txt 获取到 26319 个频道
2025-12-05 21:02:56,265 - core.network - ERROR - network.py:115 - fetch_content - HTTP错误 0 https://ghfast.top/https://raw.githubusercontent.com/chenjie/ip.txt/master/ip.txt (尝试 3/3): 404 Client Error: NOT FOUND for url: https://ghfast.top/https://raw.githubusercontent.com/chenjie/ip.txt/master/ip.txt
2025-12-05 21:02:56,268 - core.network - ERROR - network.py:141 - fetch_content - 所有重试都失败了 https://ghfast.top/https://raw.githubusercontent.com/chenjie/ip.txt/master/ip.txt
2025-12-05 21:02:56,272 - __main__ - WARNING - tvzy.py:199 - get_channels_from_source - 无法获取数据源内容: https://ghfast.top/https://raw.githubusercontent.com/chenjie/ip.txt/master/ip.txt
2025-12-05 21:02:56,274 - __main__ - INFO - tvzy.py:489 - main - 从数据源 https://ghfast.top/https://raw.githubusercontent.com/chenjie/ip.txt/master/ip.txt 获取到 0 个频道
2025-12-05 21:02:57,019 - core.network - INFO - logging_config.py:136 - log_performance - 性能统计 - 网络请求 耗时: 8.3369秒 url=https://ghfast.top/https://raw.githubusercontent.com/Supprise0901/TVBox_live/refs/heads/main/live.txt, attempt=1, status_code=200
2025-12-05 21:02:57,021 - __main__ - INFO - tvzy.py:202 - get_channels_from_source - 从数据源 https://ghfast.top/https://raw.githubusercontent.com/Supprise0901/TVBox_live/refs/heads/main/live.txt 获取到内容，长度: 96041 字符
2025-12-05 21:02:57,022 - __main__ - INFO - tvzy.py:205 - get_channels_from_source - 数据源 https://ghfast.top/https://raw.githubusercontent.com/Supprise0901/TVBox_live/refs/heads/main/live.txt 共有 570 行内容
2025-12-05 21:02:57,024 - __main__ - INFO - tvzy.py:277 - get_channels_from_source - 从数据源 https://ghfast.top/https://raw.githubusercontent.com/Supprise0901/TVBox_live/refs/heads/main/live.txt 成功提取 562 个频道
2025-12-05 21:02:57,025 - __main__ - INFO - tvzy.py:489 - main - 从数据源 https://ghfast.top/https://raw.githubusercontent.com/Supprise0901/TVBox_live/refs/heads/main/live.txt 获取到 562 个频道
2025-12-05 21:02:57,452 - core.network - ERROR - network.py:115 - fetch_content - HTTP错误 0 https://ghfast.top/https://raw.githubusercontent.com/LongLiveTheKing/web-data/master/data/ip.txt (尝试 3/3): 404 Client Error: NOT FOUND for url: https://ghfast.top/https://raw.githubusercontent.com/LongLiveTheKing/web-data/master/data/ip.txt
2025-12-05 21:02:57,465 - core.network - ERROR - network.py:141 - fetch_content - 所有重试都失败了 https://ghfast.top/https://raw.githubusercontent.com/LongLiveTheKing/web-data/master/data/ip.txt
2025-12-05 21:02:57,472 - __main__ - WARNING - tvzy.py:199 - get_channels_from_source - 无法获取数据源内容: https://ghfast.top/https://raw.githubusercontent.com/LongLiveTheKing/web-data/master/data/ip.txt
2025-12-05 21:02:57,474 - __main__ - INFO - tvzy.py:489 - main - 从数据源 https://ghfast.top/https://raw.githubusercontent.com/LongLiveTheKing/web-data/master/data/ip.txt 获取到 0 个频道
2025-12-05 21:02:57,989 - core.network - ERROR - network.py:115 - fetch_content - HTTP错误 0 https://ghfast.top/https://raw.githubusercontent.com/HeJiawen01/IPTV/main/IPTV.m3u (尝试 3/3): 404 Client Error: NOT FOUND for url: https://ghfast.top/https://raw.githubusercontent.com/HeJiawen01/IPTV/main/IPTV.m3u
2025-12-05 21:02:57,992 - core.network - ERROR - network.py:141 - fetch_content - 所有重试都失败了 https://ghfast.top/https://raw.githubusercontent.com/HeJiawen01/IPTV/main/IPTV.m3u
2025-12-05 21:02:57,994 - __main__ - WARNING - tvzy.py:199 - get_channels_from_source - 无法获取数据源内容: https://ghfast.top/https://raw.githubusercontent.com/HeJiawen01/IPTV/main/IPTV.m3u
2025-12-05 21:02:57,995 - __main__ - INFO - tvzy.py:489 - main - 从数据源 https://ghfast.top/https://raw.githubusercontent.com/HeJiawen01/IPTV/main/IPTV.m3u 获取到 0 个频道
2025-12-05 21:02:58,558 - core.network - ERROR - network.py:115 - fetch_content - HTTP错误 0 https://ghfast.top/https://raw.githubusercontent.com/chnadsl/IPTV/main/IPTV.m3u (尝试 3/3): 404 Client Error: NOT FOUND for url: https://ghfast.top/https://raw.githubusercontent.com/chnadsl/IPTV/main/IPTV.m3u
2025-12-05 21:02:58,560 - core.network - ERROR - network.py:141 - fetch_content - 所有重试都失败了 https://ghfast.top/https://raw.githubusercontent.com/chnadsl/IPTV/main/IPTV.m3u
2025-12-05 21:02:58,564 - __main__ - WARNING - tvzy.py:199 - get_channels_from_source - 无法获取数据源内容: https://ghfast.top/https://raw.githubusercontent.com/chnadsl/IPTV/main/IPTV.m3u
2025-12-05 21:02:58,596 - __main__ - INFO - tvzy.py:489 - main - 从数据源 https://ghfast.top/https://raw.githubusercontent.com/chnadsl/IPTV/main/IPTV.m3u 获取到 0 个频道
2025-12-05 21:04:02,213 - core.network - INFO - logging_config.py:136 - log_performance - 性能统计 - 网络请求 耗时: 73.5317秒 url=http://tv.html-5.me/i/9390107.txt, attempt=1, status_code=200
2025-12-05 21:04:02,215 - __main__ - INFO - tvzy.py:202 - get_channels_from_source - 从数据源 http://tv.html-5.me/i/9390107.txt 获取到内容，长度: 752208 字符
2025-12-05 21:04:02,217 - __main__ - INFO - tvzy.py:205 - get_channels_from_source - 数据源 http://tv.html-5.me/i/9390107.txt 共有 13393 行内容
2025-12-05 21:04:02,261 - __main__ - INFO - tvzy.py:277 - get_channels_from_source - 从数据源 http://tv.html-5.me/i/9390107.txt 成功提取 13230 个频道
2025-12-05 21:04:02,262 - __main__ - INFO - tvzy.py:489 - main - 从数据源 http://tv.html-5.me/i/9390107.txt 获取到 13230 个频道
2025-12-05 21:04:02,264 - __main__ - INFO - tvzy.py:495 - main - 总共获取到 79097 个频道
2025-12-05 21:04:07,734 - core.channel_utils - WARNING - channel_utils.py:554 - get_video_resolution_ffmpeg - 获取分辨率超时: http://223.241.247.214:9901/tsfile/live/0001_1.m3u8
2025-12-05 21:04:12,996 - core.channel_utils - WARNING - channel_utils.py:554 - get_video_resolution_ffmpeg - 获取分辨率超时: http://223.241.247.214:9901/tsfile/live/0001_1.m3u8
2025-12-05 21:04:18,098 - core.channel_utils - WARNING - channel_utils.py:554 - get_video_resolution_ffmpeg - 获取分辨率超时: http://120.40.39.246:352/newlive/live/hls/1/live.m3u8
2025-12-05 21:04:23,253 - core.channel_utils - WARNING - channel_utils.py:554 - get_video_resolution_ffmpeg - 获取分辨率超时: http://112.123.206.32:808/hls/1/index.m3u8
2025-12-05 21:04:24,621 - core.channel_utils - ERROR - channel_utils.py:560 - get_video_resolution_ffmpeg - 获取视频分辨率失败: http://112.46.85.60:8009/hls/501/index.m3u8 - invalid literal for int() with base 10: '1080\n\n1920'
2025-12-05 21:04:25,711 - core.channel_utils - WARNING - channel_utils.py:557 - get_video_resolution_ffmpeg - FFmpeg获取分辨率失败: http://kkk.jjjj.jiduo.me/api.php?n=tttt&id=2328&tk=a0c4f6cfaba3 - [tcp @ 0000023dec596f80] Failed to resolve hostname ww1.jiduo.me: Temporary failure in name resolution
http://kkk.jjjj.jiduo.me/api.php?n=tttt&id=2328&tk=a0c4f6cfaba3: I/O error
2025-12-05 21:04:26,688 - core.channel_utils - ERROR - channel_utils.py:560 - get_video_resolution_ffmpeg - 获取视频分辨率失败: http://112.99.193.34:9901/tsfile/live/1017_1.m3u8?key=txiptv&amp;playlive=1&amp;authid=0 - too many values to unpack (expected 2)
2025-12-05 21:04:31,934 - core.channel_utils - WARNING - channel_utils.py:554 - get_video_resolution_ffmpeg - 获取分辨率超时: http://221.226.51.220:50081/newlive/live/hls/1/live.m3u8
2025-12-05 21:04:37,057 - core.channel_utils - WARNING - channel_utils.py:554 - get_video_resolution_ffmpeg - 获取分辨率超时: http://113.57.93.165:9900/tsfile/live/0001_1.m3u8?key=txiptv&playlive=1&authid=0
2025-12-05 21:04:42,211 - core.channel_utils - WARNING - channel_utils.py:554 - get_video_resolution_ffmpeg - 获取分辨率超时: http://61.136.172.236:9901/tsfile/live/0001_1.m3u8?key=txiptv&playlive=1&authid=0
2025-12-05 21:04:47,373 - core.channel_utils - WARNING - channel_utils.py:554 - get_video_resolution_ffmpeg - 获取分辨率超时: http://183.11.239.36:808/hls/19/index.m3u8
2025-12-05 21:04:52,485 - core.channel_utils - WARNING - channel_utils.py:554 - get_video_resolution_ffmpeg - 获取分辨率超时: http://36.32.174.67:60080/newlive/live/hls/2/live.m3u8
2025-12-05 21:04:57,637 - core.channel_utils - WARNING - channel_utils.py:554 - get_video_resolution_ffmpeg - 获取分辨率超时: http://223.241.247.214:9901/tsfile/live/0002_1.m3u8
2025-12-05 21:05:00,245 - core.channel_utils - ERROR - channel_utils.py:560 - get_video_resolution_ffmpeg - 获取视频分辨率失败: http://39.164.160.249:9901/tsfile/live/0002_1.m3u8 - invalid literal for int() with base 10: '1080\n\n1920'
2025-12-05 21:05:05,319 - core.channel_utils - WARNING - channel_utils.py:554 - get_video_resolution_ffmpeg - 获取分辨率超时: http://60.16.0.216:5757/hls/2/index.m3u8
2025-12-05 21:05:10,453 - core.channel_utils - WARNING - channel_utils.py:554 - get_video_resolution_ffmpeg - 获取分辨率超时: http://112.123.206.32:808/hls/2/index.m3u8
2025-12-05 21:05:12,744 - core.channel_utils - ERROR - channel_utils.py:560 - get_video_resolution_ffmpeg - 获取视频分辨率失败: http://112.46.85.60:8009/hls/502/index.m3u8 - invalid literal for int() with base 10: '1080\n\n1920'
2025-12-05 21:05:13,397 - core.channel_utils - ERROR - channel_utils.py:560 - get_video_resolution_ffmpeg - 获取视频分辨率失败: http://sh.lnott.top:880/dx02.m3u8 - invalid literal for int() with base 10: '1080\n\n1920'
2025-12-05 21:05:14,435 - core.channel_utils - ERROR - channel_utils.py:560 - get_video_resolution_ffmpeg - 获取视频分辨率失败: http://122.70.160.24:2380/ywotttv.bj.chinamobile.com/PLTV/88888888/224/3221226911/.m3u8 - invalid literal for int() with base 10: '720\n\n1280'
2025-12-05 21:05:15,377 - core.channel_utils - ERROR - channel_utils.py:560 - get_video_resolution_ffmpeg - 获取视频分辨率失败: https://ldocctvwbcdtxy.liveplay.myqcloud.com/ldocctvwbcd/cdrmldcctv2_1_ud.m3u8 - invalid literal for int() with base 10: '576\n\n1024'
2025-12-05 21:05:20,493 - core.channel_utils - WARNING - channel_utils.py:554 - get_video_resolution_ffmpeg - 获取分辨率超时: http://60.13.52.236:65500/newlive/live/hls/2/live.m3u8
